<?xml version="1.0" encoding="UTF-8"?>
<testsuite xmlns:xsi="http://www.w3.org/2001/XMLSchema-instance" xsi:noNamespaceSchemaLocation="https://maven.apache.org/surefire/maven-surefire-plugin/xsd/surefire-test-report.xsd" version="3.0.1" name="com.vegobject.app.AppTest" time="0.058" tests="1" errors="0" skipped="0" failures="0">
  <properties>
    <property name="java.specification.version" value="21"/>
    <property name="sun.cpu.isalist" value="amd64"/>
    <property name="sun.jnu.encoding" value="Cp1252"/>
    <property name="java.class.path" value="C:\Users\Sreedevi\Documents\NTNU\IT3920-Master project\Repository\MP_DataIntegration\target\test-classes;C:\Users\Sreedevi\Documents\NTNU\IT3920-Master project\Repository\MP_DataIntegration\target\classes;C:\Users\Sreedevi\.m2\repository\org\junit\jupiter\junit-jupiter-api\5.11.0\junit-jupiter-api-5.11.0.jar;C:\Users\Sreedevi\.m2\repository\org\opentest4j\opentest4j\1.3.0\opentest4j-1.3.0.jar;C:\Users\Sreedevi\.m2\repository\org\junit\platform\junit-platform-commons\1.11.0\junit-platform-commons-1.11.0.jar;C:\Users\Sreedevi\.m2\repository\org\apiguardian\apiguardian-api\1.1.2\apiguardian-api-1.1.2.jar;C:\Users\Sreedevi\.m2\repository\org\junit\jupiter\junit-jupiter-params\5.11.0\junit-jupiter-params-5.11.0.jar;C:\Users\Sreedevi\.m2\repository\org\apache\flink\flink-streaming-java\2.0.0\flink-streaming-java-2.0.0.jar;C:\Users\Sreedevi\.m2\repository\org\apache\flink\flink-core\2.0.0\flink-core-2.0.0.jar;C:\Users\Sreedevi\.m2\repository\org\apache\flink\flink-core-api\2.0.0\flink-core-api-2.0.0.jar;C:\Users\Sreedevi\.m2\repository\org\apache\flink\flink-metrics-core\2.0.0\flink-metrics-core-2.0.0.jar;C:\Users\Sreedevi\.m2\repository\org\apache\flink\flink-annotations\2.0.0\flink-annotations-2.0.0.jar;C:\Users\Sreedevi\.m2\repository\org\apache\flink\flink-shaded-asm-9\9.6-19.0\flink-shaded-asm-9-9.6-19.0.jar;C:\Users\Sreedevi\.m2\repository\org\apache\flink\flink-shaded-jackson\2.15.3-19.0\flink-shaded-jackson-2.15.3-19.0.jar;C:\Users\Sreedevi\.m2\repository\org\snakeyaml\snakeyaml-engine\2.6\snakeyaml-engine-2.6.jar;C:\Users\Sreedevi\.m2\repository\org\apache\commons\commons-text\1.10.0\commons-text-1.10.0.jar;C:\Users\Sreedevi\.m2\repository\com\esotericsoftware\kryo\5.6.2\kryo-5.6.2.jar;C:\Users\Sreedevi\.m2\repository\com\esotericsoftware\reflectasm\1.11.9\reflectasm-1.11.9.jar;C:\Users\Sreedevi\.m2\repository\org\objenesis\objenesis\3.4\objenesis-3.4.jar;C:\Users\Sreedevi\.m2\repository\com\esotericsoftware\minlog\1.3.1\minlog-1.3.1.jar;C:\Users\Sreedevi\.m2\repository\commons-collections\commons-collections\3.2.2\commons-collections-3.2.2.jar;C:\Users\Sreedevi\.m2\repository\org\apache\commons\commons-compress\1.26.0\commons-compress-1.26.0.jar;C:\Users\Sreedevi\.m2\repository\org\apache\flink\flink-file-sink-common\2.0.0\flink-file-sink-common-2.0.0.jar;C:\Users\Sreedevi\.m2\repository\org\apache\flink\flink-runtime\2.0.0\flink-runtime-2.0.0.jar;C:\Users\Sreedevi\.m2\repository\org\apache\flink\flink-datastream-api\2.0.0\flink-datastream-api-2.0.0.jar;C:\Users\Sreedevi\.m2\repository\org\apache\flink\flink-rpc-core\2.0.0\flink-rpc-core-2.0.0.jar;C:\Users\Sreedevi\.m2\repository\org\apache\flink\flink-rpc-akka-loader\2.0.0\flink-rpc-akka-loader-2.0.0.jar;C:\Users\Sreedevi\.m2\repository\org\apache\flink\flink-queryable-state-client-java\2.0.0\flink-queryable-state-client-java-2.0.0.jar;C:\Users\Sreedevi\.m2\repository\org\apache\flink\flink-hadoop-fs\2.0.0\flink-hadoop-fs-2.0.0.jar;C:\Users\Sreedevi\.m2\repository\commons-io\commons-io\2.15.1\commons-io-2.15.1.jar;C:\Users\Sreedevi\.m2\repository\org\apache\flink\flink-shaded-netty\4.1.100.Final-19.0\flink-shaded-netty-4.1.100.Final-19.0.jar;C:\Users\Sreedevi\.m2\repository\org\apache\flink\flink-shaded-zookeeper-3\3.7.2-19.0\flink-shaded-zookeeper-3-3.7.2-19.0.jar;C:\Users\Sreedevi\.m2\repository\org\apache\flink\flink-connector-datagen\2.0.0\flink-connector-datagen-2.0.0.jar;C:\Users\Sreedevi\.m2\repository\commons-cli\commons-cli\1.5.0\commons-cli-1.5.0.jar;C:\Users\Sreedevi\.m2\repository\org\javassist\javassist\3.24.0-GA\javassist-3.24.0-GA.jar;C:\Users\Sreedevi\.m2\repository\org\xerial\snappy\snappy-java\1.1.10.7\snappy-java-1.1.10.7.jar;C:\Users\Sreedevi\.m2\repository\tools\profiler\async-profiler\2.9\async-profiler-2.9.jar;C:\Users\Sreedevi\.m2\repository\org\lz4\lz4-java\1.8.0\lz4-java-1.8.0.jar;C:\Users\Sreedevi\.m2\repository\org\apache\flink\flink-shaded-guava\32.1.3-jre-19.0\flink-shaded-guava-32.1.3-jre-19.0.jar;C:\Users\Sreedevi\.m2\repository\org\apache\commons\commons-math3\3.6.1\commons-math3-3.6.1.jar;C:\Users\Sreedevi\.m2\repository\org\slf4j\slf4j-api\1.7.36\slf4j-api-1.7.36.jar;C:\Users\Sreedevi\.m2\repository\com\google\code\findbugs\jsr305\1.3.9\jsr305-1.3.9.jar;C:\Users\Sreedevi\.m2\repository\org\apache\flink\flink-connector-kafka\4.0.0-2.0\flink-connector-kafka-4.0.0-2.0.jar;C:\Users\Sreedevi\.m2\repository\org\apache\commons\commons-lang3\3.3.2\commons-lang3-3.3.2.jar;C:\Users\Sreedevi\.m2\repository\com\fasterxml\jackson\core\jackson-core\2.16.2\jackson-core-2.16.2.jar;C:\Users\Sreedevi\.m2\repository\com\fasterxml\jackson\core\jackson-databind\2.16.2\jackson-databind-2.16.2.jar;C:\Users\Sreedevi\.m2\repository\com\fasterxml\jackson\core\jackson-annotations\2.16.2\jackson-annotations-2.16.2.jar;C:\Users\Sreedevi\.m2\repository\com\fasterxml\jackson\datatype\jackson-datatype-jsr310\2.16.2\jackson-datatype-jsr310-2.16.2.jar;C:\Users\Sreedevi\.m2\repository\com\fasterxml\jackson\datatype\jackson-datatype-jdk8\2.16.2\jackson-datatype-jdk8-2.16.2.jar;C:\Users\Sreedevi\.m2\repository\org\apache\kafka\kafka-clients\3.9.0\kafka-clients-3.9.0.jar;C:\Users\Sreedevi\.m2\repository\com\github\luben\zstd-jni\1.5.6-4\zstd-jni-1.5.6-4.jar;C:\Users\Sreedevi\.m2\repository\org\mongodb\mongodb-driver-sync\5.3.1\mongodb-driver-sync-5.3.1.jar;C:\Users\Sreedevi\.m2\repository\org\mongodb\bson\5.3.1\bson-5.3.1.jar;C:\Users\Sreedevi\.m2\repository\org\mongodb\mongodb-driver-core\5.3.1\mongodb-driver-core-5.3.1.jar;C:\Users\Sreedevi\.m2\repository\org\mongodb\bson-record-codec\5.3.1\bson-record-codec-5.3.1.jar;"/>
    <property name="java.vm.vendor" value="Oracle Corporation"/>
    <property name="sun.arch.data.model" value="64"/>
    <property name="user.variant" value=""/>
    <property name="java.vendor.url" value="https://java.oracle.com/"/>
    <property name="user.timezone" value="Europe/Oslo"/>
    <property name="os.name" value="Windows 11"/>
    <property name="java.vm.specification.version" value="21"/>
    <property name="sun.java.launcher" value="SUN_STANDARD"/>
    <property name="user.country" value="US"/>
    <property name="sun.boot.library.path" value="C:\software\jdk-21.0.5\bin"/>
    <property name="sun.java.command" value="C:\Users\Sreedevi\AppData\Local\Temp\surefire16211522165583193662\surefirebooter-20250427144616964_3.jar C:\Users\Sreedevi\AppData\Local\Temp\surefire16211522165583193662 2025-04-27T14-46-16_807-jvmRun1 surefire-20250427144616964_1tmp surefire_0-20250427144616964_2tmp"/>
    <property name="jdk.debug" value="release"/>
    <property name="surefire.test.class.path" value="C:\Users\Sreedevi\Documents\NTNU\IT3920-Master project\Repository\MP_DataIntegration\target\test-classes;C:\Users\Sreedevi\Documents\NTNU\IT3920-Master project\Repository\MP_DataIntegration\target\classes;C:\Users\Sreedevi\.m2\repository\org\junit\jupiter\junit-jupiter-api\5.11.0\junit-jupiter-api-5.11.0.jar;C:\Users\Sreedevi\.m2\repository\org\opentest4j\opentest4j\1.3.0\opentest4j-1.3.0.jar;C:\Users\Sreedevi\.m2\repository\org\junit\platform\junit-platform-commons\1.11.0\junit-platform-commons-1.11.0.jar;C:\Users\Sreedevi\.m2\repository\org\apiguardian\apiguardian-api\1.1.2\apiguardian-api-1.1.2.jar;C:\Users\Sreedevi\.m2\repository\org\junit\jupiter\junit-jupiter-params\5.11.0\junit-jupiter-params-5.11.0.jar;C:\Users\Sreedevi\.m2\repository\org\apache\flink\flink-streaming-java\2.0.0\flink-streaming-java-2.0.0.jar;C:\Users\Sreedevi\.m2\repository\org\apache\flink\flink-core\2.0.0\flink-core-2.0.0.jar;C:\Users\Sreedevi\.m2\repository\org\apache\flink\flink-core-api\2.0.0\flink-core-api-2.0.0.jar;C:\Users\Sreedevi\.m2\repository\org\apache\flink\flink-metrics-core\2.0.0\flink-metrics-core-2.0.0.jar;C:\Users\Sreedevi\.m2\repository\org\apache\flink\flink-annotations\2.0.0\flink-annotations-2.0.0.jar;C:\Users\Sreedevi\.m2\repository\org\apache\flink\flink-shaded-asm-9\9.6-19.0\flink-shaded-asm-9-9.6-19.0.jar;C:\Users\Sreedevi\.m2\repository\org\apache\flink\flink-shaded-jackson\2.15.3-19.0\flink-shaded-jackson-2.15.3-19.0.jar;C:\Users\Sreedevi\.m2\repository\org\snakeyaml\snakeyaml-engine\2.6\snakeyaml-engine-2.6.jar;C:\Users\Sreedevi\.m2\repository\org\apache\commons\commons-text\1.10.0\commons-text-1.10.0.jar;C:\Users\Sreedevi\.m2\repository\com\esotericsoftware\kryo\5.6.2\kryo-5.6.2.jar;C:\Users\Sreedevi\.m2\repository\com\esotericsoftware\reflectasm\1.11.9\reflectasm-1.11.9.jar;C:\Users\Sreedevi\.m2\repository\org\objenesis\objenesis\3.4\objenesis-3.4.jar;C:\Users\Sreedevi\.m2\repository\com\esotericsoftware\minlog\1.3.1\minlog-1.3.1.jar;C:\Users\Sreedevi\.m2\repository\commons-collections\commons-collections\3.2.2\commons-collections-3.2.2.jar;C:\Users\Sreedevi\.m2\repository\org\apache\commons\commons-compress\1.26.0\commons-compress-1.26.0.jar;C:\Users\Sreedevi\.m2\repository\org\apache\flink\flink-file-sink-common\2.0.0\flink-file-sink-common-2.0.0.jar;C:\Users\Sreedevi\.m2\repository\org\apache\flink\flink-runtime\2.0.0\flink-runtime-2.0.0.jar;C:\Users\Sreedevi\.m2\repository\org\apache\flink\flink-datastream-api\2.0.0\flink-datastream-api-2.0.0.jar;C:\Users\Sreedevi\.m2\repository\org\apache\flink\flink-rpc-core\2.0.0\flink-rpc-core-2.0.0.jar;C:\Users\Sreedevi\.m2\repository\org\apache\flink\flink-rpc-akka-loader\2.0.0\flink-rpc-akka-loader-2.0.0.jar;C:\Users\Sreedevi\.m2\repository\org\apache\flink\flink-queryable-state-client-java\2.0.0\flink-queryable-state-client-java-2.0.0.jar;C:\Users\Sreedevi\.m2\repository\org\apache\flink\flink-hadoop-fs\2.0.0\flink-hadoop-fs-2.0.0.jar;C:\Users\Sreedevi\.m2\repository\commons-io\commons-io\2.15.1\commons-io-2.15.1.jar;C:\Users\Sreedevi\.m2\repository\org\apache\flink\flink-shaded-netty\4.1.100.Final-19.0\flink-shaded-netty-4.1.100.Final-19.0.jar;C:\Users\Sreedevi\.m2\repository\org\apache\flink\flink-shaded-zookeeper-3\3.7.2-19.0\flink-shaded-zookeeper-3-3.7.2-19.0.jar;C:\Users\Sreedevi\.m2\repository\org\apache\flink\flink-connector-datagen\2.0.0\flink-connector-datagen-2.0.0.jar;C:\Users\Sreedevi\.m2\repository\commons-cli\commons-cli\1.5.0\commons-cli-1.5.0.jar;C:\Users\Sreedevi\.m2\repository\org\javassist\javassist\3.24.0-GA\javassist-3.24.0-GA.jar;C:\Users\Sreedevi\.m2\repository\org\xerial\snappy\snappy-java\1.1.10.7\snappy-java-1.1.10.7.jar;C:\Users\Sreedevi\.m2\repository\tools\profiler\async-profiler\2.9\async-profiler-2.9.jar;C:\Users\Sreedevi\.m2\repository\org\lz4\lz4-java\1.8.0\lz4-java-1.8.0.jar;C:\Users\Sreedevi\.m2\repository\org\apache\flink\flink-shaded-guava\32.1.3-jre-19.0\flink-shaded-guava-32.1.3-jre-19.0.jar;C:\Users\Sreedevi\.m2\repository\org\apache\commons\commons-math3\3.6.1\commons-math3-3.6.1.jar;C:\Users\Sreedevi\.m2\repository\org\slf4j\slf4j-api\1.7.36\slf4j-api-1.7.36.jar;C:\Users\Sreedevi\.m2\repository\com\google\code\findbugs\jsr305\1.3.9\jsr305-1.3.9.jar;C:\Users\Sreedevi\.m2\repository\org\apache\flink\flink-connector-kafka\4.0.0-2.0\flink-connector-kafka-4.0.0-2.0.jar;C:\Users\Sreedevi\.m2\repository\org\apache\commons\commons-lang3\3.3.2\commons-lang3-3.3.2.jar;C:\Users\Sreedevi\.m2\repository\com\fasterxml\jackson\core\jackson-core\2.16.2\jackson-core-2.16.2.jar;C:\Users\Sreedevi\.m2\repository\com\fasterxml\jackson\core\jackson-databind\2.16.2\jackson-databind-2.16.2.jar;C:\Users\Sreedevi\.m2\repository\com\fasterxml\jackson\core\jackson-annotations\2.16.2\jackson-annotations-2.16.2.jar;C:\Users\Sreedevi\.m2\repository\com\fasterxml\jackson\datatype\jackson-datatype-jsr310\2.16.2\jackson-datatype-jsr310-2.16.2.jar;C:\Users\Sreedevi\.m2\repository\com\fasterxml\jackson\datatype\jackson-datatype-jdk8\2.16.2\jackson-datatype-jdk8-2.16.2.jar;C:\Users\Sreedevi\.m2\repository\org\apache\kafka\kafka-clients\3.9.0\kafka-clients-3.9.0.jar;C:\Users\Sreedevi\.m2\repository\com\github\luben\zstd-jni\1.5.6-4\zstd-jni-1.5.6-4.jar;C:\Users\Sreedevi\.m2\repository\org\mongodb\mongodb-driver-sync\5.3.1\mongodb-driver-sync-5.3.1.jar;C:\Users\Sreedevi\.m2\repository\org\mongodb\bson\5.3.1\bson-5.3.1.jar;C:\Users\Sreedevi\.m2\repository\org\mongodb\mongodb-driver-core\5.3.1\mongodb-driver-core-5.3.1.jar;C:\Users\Sreedevi\.m2\repository\org\mongodb\bson-record-codec\5.3.1\bson-record-codec-5.3.1.jar;"/>
    <property name="sun.cpu.endian" value="little"/>
    <property name="user.home" value="C:\Users\Sreedevi"/>
    <property name="user.language" value="en"/>
    <property name="java.specification.vendor" value="Oracle Corporation"/>
    <property name="java.version.date" value="2024-10-15"/>
    <property name="java.home" value="C:\software\jdk-21.0.5"/>
    <property name="file.separator" value="\"/>
    <property name="basedir" value="C:\Users\Sreedevi\Documents\NTNU\IT3920-Master project\Repository\MP_DataIntegration"/>
    <property name="java.vm.compressedOopsMode" value="Zero based"/>
    <property name="line.separator" value="&#10;"/>
    <property name="java.vm.specification.vendor" value="Oracle Corporation"/>
    <property name="java.specification.name" value="Java Platform API Specification"/>
    <property name="surefire.real.class.path" value="C:\Users\Sreedevi\AppData\Local\Temp\surefire16211522165583193662\surefirebooter-20250427144616964_3.jar"/>
    <property name="user.script" value=""/>
    <property name="sun.management.compiler" value="HotSpot 64-Bit Tiered Compilers"/>
    <property name="java.runtime.version" value="21.0.5+9-LTS-239"/>
    <property name="user.name" value="Sreedevi"/>
    <property name="stdout.encoding" value="Cp1252"/>
    <property name="path.separator" value=";"/>
    <property name="os.version" value="10.0"/>
    <property name="java.runtime.name" value="Java(TM) SE Runtime Environment"/>
    <property name="file.encoding" value="UTF-8"/>
    <property name="java.vm.name" value="Java HotSpot(TM) 64-Bit Server VM"/>
    <property name="localRepository" value="C:\Users\Sreedevi\.m2\repository"/>
    <property name="java.vendor.url.bug" value="https://bugreport.java.com/bugreport/"/>
    <property name="java.io.tmpdir" value="C:\Users\Sreedevi\AppData\Local\Temp\"/>
    <property name="java.version" value="21.0.5"/>
    <property name="user.dir" value="C:\Users\Sreedevi\Documents\NTNU\IT3920-Master project\Repository\MP_DataIntegration"/>
    <property name="os.arch" value="amd64"/>
    <property name="java.vm.specification.name" value="Java Virtual Machine Specification"/>
    <property name="sun.os.patch.level" value=""/>
    <property name="native.encoding" value="Cp1252"/>
    <property name="java.library.path" value="C:\software\jdk-21.0.5\bin;C:\WINDOWS\Sun\Java\bin;C:\WINDOWS\system32;C:\WINDOWS;C:\Users\Sreedevi\bin;C:\software\Git\mingw64\bin;C:\software\Git\usr\local\bin;C:\software\Git\usr\bin;C:\software\Git\usr\bin;C:\software\Git\mingw64\bin;C:\software\Git\usr\bin;C:\Users\Sreedevi\bin;C:\Program Files\Common Files\Oracle\Java\javapath;C:\Python313\Scripts;C:\Python313;C:\WINDOWS\system32;C:\WINDOWS;C:\WINDOWS\System32\Wbem;C:\WINDOWS\System32\WindowsPowerShell\v1.0;C:\WINDOWS\System32\OpenSSH;C:\Program Files\MiKTeX\miktex\bin\x64;C:\Program Files\CMake\bin;C:\software\apache-maven-3.9.9\bin;C:\software\gradle-8.10.1\bin;C:\software\jdk-21.0.5\bin;C:\software\nodejs;C:\ProgramData\chocolatey\bin;C:\Program Files\dotnet;C:\Program Files\Docker\Docker\resources\bin;C:\software\Git\cmd;C:\Users\Sreedevi\.cargo\bin;C:\Users\Sreedevi\AppData\Local\Programs\Python\Python311\Scripts;C:\Users\Sreedevi\AppData\Local\Programs\Python\Python311;C:\Users\Sreedevi\AppData\Local\Microsoft\WindowsApps;C:\software\Microsoft VS Code\bin;C:\software\PyCharm 2023.2.1\bin;C:\Users\Sreedevi\AppData\Local\GitHubDesktop\bin;C:\Users\Sreedevi\AppData\Roaming\npm;C:\Users\Sreedevi\AppData\Roaming\Code\User\globalStorage\github.copilot-chat\debugCommand;C:\software\Git\usr\bin\vendor_perl;C:\software\Git\usr\bin\core_perl;."/>
    <property name="java.vm.info" value="mixed mode, sharing"/>
    <property name="stderr.encoding" value="Cp1252"/>
    <property name="java.vendor" value="Oracle Corporation"/>
    <property name="java.vm.version" value="21.0.5+9-LTS-239"/>
    <property name="sun.io.unicode.encoding" value="UnicodeLittle"/>
    <property name="java.class.version" value="65.0"/>
  </properties>
  <testcase name="shouldAnswerWithTrue" classname="com.vegobject.app.AppTest" time="0.014"/>
</testsuite>